<?xml version="1.0" encoding="UTF-8"?>
<testsuite name="Pis_Sudoku.AppTest" tests="20" skipped="0" failures="0" errors="0" timestamp="2021-07-03T18:04:11" hostname="DESKTOP-I4M5UF6" time="0.071">
  <properties/>
  <testcase name="HasWon" classname="Pis_Sudoku.AppTest" time="0.001"/>
  <testcase name="CantUseUndoAtFirstMove" classname="Pis_Sudoku.AppTest" time="0.001"/>
  <testcase name="checkPlayerLifeAtBegin" classname="Pis_Sudoku.AppTest" time="0.0"/>
  <testcase name="LosePlayerLife" classname="Pis_Sudoku.AppTest" time="0.009"/>
  <testcase name="checkChangeGrid" classname="Pis_Sudoku.AppTest" time="0.0"/>
  <testcase name="checkGridLengthAtBegin" classname="Pis_Sudoku.AppTest" time="0.001"/>
  <testcase name="checkPossibleRange" classname="Pis_Sudoku.AppTest" time="0.0"/>
  <testcase name="checkColumn" classname="Pis_Sudoku.AppTest" time="0.032"/>
  <testcase name="makeFalseMove" classname="Pis_Sudoku.AppTest" time="0.0"/>
  <testcase name="checkPlayerLifeAfterWrongMoveAndThanGameOverOnNewBoard" classname="Pis_Sudoku.AppTest" time="0.001"/>
  <testcase name="canUseUndoSeveralTime" classname="Pis_Sudoku.AppTest" time="0.005"/>
  <testcase name="checkIfSolveFunctionFillTheGrid" classname="Pis_Sudoku.AppTest" time="0.0"/>
  <testcase name="checksIfCurrentGridFilledByGiveTip" classname="Pis_Sudoku.AppTest" time="0.011"/>
  <testcase name="CheckGridChangeSeveralTimes" classname="Pis_Sudoku.AppTest" time="0.0"/>
  <testcase name="checkIfMoveWasSuccessfulToPut" classname="Pis_Sudoku.AppTest" time="0.0"/>
  <testcase name="checkRow" classname="Pis_Sudoku.AppTest" time="0.002"/>
  <testcase name="checkPlayerLifeAfterChangeGrid" classname="Pis_Sudoku.AppTest" time="0.0"/>
  <testcase name="checkIfGivingAdviceChangeTheCurrentGrid" classname="Pis_Sudoku.AppTest" time="0.001"/>
  <testcase name="checkUndoMove" classname="Pis_Sudoku.AppTest" time="0.0"/>
  <testcase name="checkInnerField" classname="Pis_Sudoku.AppTest" time="0.003"/>
  <system-out><![CDATA[ 5 1 0 0 8 6 0 0 1
 0 0 2 7 0 1 6 0 0
 0 7 1 0 0 0 2 5 0
 9 1 0 0 2 0 0 7 0
 3 0 0 1 4 5 0 0 6
 0 6 0 0 9 0 0 2 4
 0 5 3 0 0 0 4 6 0
 0 0 8 9 0 3 5 0 0
 2 0 0 5 1 0 0 0 7

 5 1 2 0 8 6 0 0 1
 0 0 2 7 0 1 6 0 0
 0 7 1 0 0 0 2 5 0
 9 1 0 0 2 0 0 7 0
 3 0 0 1 4 5 0 0 6
 0 6 0 0 9 0 0 2 4
 0 5 3 0 0 0 4 6 0
 0 0 8 9 0 3 5 0 0
 2 0 0 5 1 0 0 0 7

 5 1 2 1 8 6 0 0 1
 0 0 2 7 0 1 6 0 0
 0 7 1 0 0 0 2 5 0
 9 1 0 0 2 0 0 7 0
 3 0 0 1 4 5 0 0 6
 0 6 0 0 9 0 0 2 4
 0 5 3 0 0 0 4 6 0
 0 0 8 9 0 3 5 0 0
 2 0 0 5 1 0 0 0 7

 6 0 0 0 1 9 7 0 0
 0 0 0 0 0 0 2 0 0
 0 0 0 0 0 0 3 1 9
 0 0 0 4 0 0 5 0 1
 3 0 0 0 0 2 9 0 0
 0 0 0 0 8 5 0 2 0
 9 0 0 0 0 0 0 6 5
 0 0 5 3 4 8 0 0 0
 8 0 7 0 0 0 0 0 0

 6 0 0 0 1 9 7 0 0
 0 0 0 0 0 0 2 0 0
 0 0 0 0 0 0 3 1 9
 0 0 0 4 0 0 5 0 1
 3 0 0 0 0 2 9 0 0
 0 0 0 0 8 5 6 2 0
 9 0 0 0 0 0 0 6 5
 0 0 5 3 4 8 0 0 0
 8 0 7 0 0 0 0 0 0

 6 0 0 0 1 9 7 0 0
 0 0 0 0 0 0 2 0 0
 0 0 0 0 0 0 3 1 9
 0 0 0 4 0 0 5 0 1
 3 0 0 0 0 2 9 0 0
 0 0 0 0 8 5 6 2 0
 9 0 0 0 0 0 8 6 5
 0 0 5 3 4 8 0 0 0
 8 0 7 0 0 0 0 0 0

 6 0 0 0 1 9 7 0 0
 0 0 0 0 0 0 2 0 0
 0 0 0 0 0 0 3 1 9
 0 0 0 4 0 0 5 0 1
 3 0 0 0 0 2 9 0 0
 0 0 0 0 8 5 6 2 0
 9 0 0 0 0 0 8 6 5
 0 0 5 3 4 8 1 0 0
 8 0 7 0 0 0 0 0 0

 6 0 0 0 1 9 7 0 0
 0 0 0 0 0 0 2 0 0
 0 0 0 0 0 0 3 1 9
 0 0 0 4 0 0 5 0 1
 3 0 0 0 0 2 9 0 0
 0 0 0 0 8 5 6 2 0
 9 0 0 0 0 0 8 6 5
 0 0 5 3 4 8 1 0 0
 8 0 7 0 0 0 4 0 0

 5 0 0 0 8 6 0 0 1
 0 0 2 7 0 1 6 0 0
 0 7 1 0 0 0 2 5 0
 9 1 0 0 2 0 0 7 0
 3 0 0 1 4 5 1 0 6
 0 6 0 0 9 0 0 2 4
 0 5 3 0 0 0 4 6 0
 0 0 8 9 0 3 5 0 0
 2 0 0 5 1 0 0 0 7

 0 0 9 0 0 5 1 0 0
 0 0 0 4 3 0 1 0 0
 5 4 0 0 0 9 2 0 0
 0 3 0 0 2 0 9 0 0
 6 0 0 0 0 0 0 0 4
 0 0 5 0 6 0 0 2 0
 0 0 2 3 0 0 0 6 9
 0 0 7 0 5 8 0 0 0
 0 0 0 1 0 0 8 0 0

 0 0 9 0 0 5 1 1 0
 0 0 0 4 3 0 1 0 0
 5 4 0 0 0 9 2 0 0
 0 3 0 0 2 0 9 0 0
 6 0 0 0 0 0 0 0 4
 0 0 5 0 6 0 0 2 0
 0 0 2 3 0 0 0 6 9
 0 0 7 0 5 8 0 0 0
 0 0 0 1 0 0 8 0 0

 0 0 9 0 0 5 1 1 1
 0 0 0 4 3 0 1 0 0
 5 4 0 0 0 9 2 0 0
 0 3 0 0 2 0 9 0 0
 6 0 0 0 0 0 0 0 4
 0 0 5 0 6 0 0 2 0
 0 0 2 3 0 0 0 6 9
 0 0 7 0 5 8 0 0 0
 0 0 0 1 0 0 8 0 0

 1 0 9 0 0 5 0 0 0
 0 0 0 4 3 0 1 0 0
 5 4 0 0 0 9 2 0 0
 0 3 0 0 2 0 9 0 0
 6 0 0 0 0 0 0 0 4
 0 0 5 0 6 0 0 2 0
 0 0 2 3 0 0 0 6 9
 0 0 7 0 5 8 0 0 0
 0 0 0 1 0 0 8 0 0

 1 2 9 0 0 5 0 0 0
 0 0 0 4 3 0 1 0 0
 5 4 0 0 0 9 2 0 0
 0 3 0 0 2 0 9 0 0
 6 0 0 0 0 0 0 0 4
 0 0 5 0 6 0 0 2 0
 0 0 2 3 0 0 0 6 9
 0 0 7 0 5 8 0 0 0
 0 0 0 1 0 0 8 0 0

 1 2 9 0 0 5 0 0 0
 8 0 0 4 3 0 1 0 0
 5 4 0 0 0 9 2 0 0
 0 3 0 0 2 0 9 0 0
 6 0 0 0 0 0 0 0 4
 0 0 5 0 6 0 0 2 0
 0 0 2 3 0 0 0 6 9
 0 0 7 0 5 8 0 0 0
 0 0 0 1 0 0 8 0 0

 1 2 9 0 0 5 0 0 0
 8 7 0 4 3 0 1 0 0
 5 4 0 0 0 9 2 0 0
 0 3 0 0 2 0 9 0 0
 6 0 0 0 0 0 0 0 4
 0 0 5 0 6 0 0 2 0
 0 0 2 3 0 0 0 6 9
 0 0 7 0 5 8 0 0 0
 0 0 0 1 0 0 8 0 0

 1 2 9 0 0 5 0 0 0
 8 7 6 4 3 0 1 0 0
 5 4 0 0 0 9 2 0 0
 0 3 0 0 2 0 9 0 0
 6 0 0 0 0 0 0 0 4
 0 0 5 0 6 0 0 2 0
 0 0 2 3 0 0 0 6 9
 0 0 7 0 5 8 0 0 0
 0 0 0 1 0 0 8 0 0

 1 2 9 0 0 5 0 0 0
 8 7 6 4 3 0 1 0 0
 5 4 3 0 0 9 2 0 0
 0 3 0 0 2 0 9 0 0
 6 0 0 0 0 0 0 0 4
 0 0 5 0 6 0 0 2 0
 0 0 2 3 0 0 0 6 9
 0 0 7 0 5 8 0 0 0
 0 0 0 1 0 0 8 0 0

Undo Move at Position (1/0)
 1 0 9 0 0 5 0 0 0
 8 7 6 4 3 0 1 0 0
 5 4 3 0 0 9 2 0 0
 0 3 0 0 2 0 9 0 0
 6 0 0 0 0 0 0 0 4
 0 0 5 0 6 0 0 2 0
 0 0 2 3 0 0 0 6 9
 0 0 7 0 5 8 0 0 0
 0 0 0 1 0 0 8 0 0

Undo Move at Position (0/0)
 0 0 9 0 0 5 0 0 0
 8 7 6 4 3 0 1 0 0
 5 4 3 0 0 9 2 0 0
 0 3 0 0 2 0 9 0 0
 6 0 0 0 0 0 0 0 4
 0 0 5 0 6 0 0 2 0
 0 0 2 3 0 0 0 6 9
 0 0 7 0 5 8 0 0 0
 0 0 0 1 0 0 8 0 0

 5 3 0 0 8 6 0 0 1
 0 0 2 7 0 1 6 0 0
 0 7 1 0 0 0 2 5 0
 9 1 0 0 2 0 0 7 0
 3 0 0 1 4 5 0 0 6
 0 6 0 0 9 0 0 2 4
 0 5 3 0 0 0 4 6 0
 0 0 8 9 0 3 5 0 0
 2 0 0 5 1 0 0 0 7

 5 3 9 0 8 6 0 0 1
 0 0 2 7 0 1 6 0 0
 0 7 1 0 0 0 2 5 0
 9 1 0 0 2 0 0 7 0
 3 0 0 1 4 5 0 0 6
 0 6 0 0 9 0 0 2 4
 0 5 3 0 0 0 4 6 0
 0 0 8 9 0 3 5 0 0
 2 0 0 5 1 0 0 0 7

 5 3 9 2 8 6 0 0 1
 0 0 2 7 0 1 6 0 0
 0 7 1 0 0 0 2 5 0
 9 1 0 0 2 0 0 7 0
 3 0 0 1 4 5 0 0 6
 0 6 0 0 9 0 0 2 4
 0 5 3 0 0 0 4 6 0
 0 0 8 9 0 3 5 0 0
 2 0 0 5 1 0 0 0 7

 5 3 9 2 8 6 7 0 1
 0 0 2 7 0 1 6 0 0
 0 7 1 0 0 0 2 5 0
 9 1 0 0 2 0 0 7 0
 3 0 0 1 4 5 0 0 6
 0 6 0 0 9 0 0 2 4
 0 5 3 0 0 0 4 6 0
 0 0 8 9 0 3 5 0 0
 2 0 0 5 1 0 0 0 7

 5 3 9 2 8 6 7 4 1
 0 0 2 7 0 1 6 0 0
 0 7 1 0 0 0 2 5 0
 9 1 0 0 2 0 0 7 0
 3 0 0 1 4 5 0 0 6
 0 6 0 0 9 0 0 2 4
 0 5 3 0 0 0 4 6 0
 0 0 8 9 0 3 5 0 0
 2 0 0 5 1 0 0 0 7

 5 3 9 2 8 6 7 4 1
 4 0 2 7 0 1 6 0 0
 0 7 1 0 0 0 2 5 0
 9 1 0 0 2 0 0 7 0
 3 0 0 1 4 5 0 0 6
 0 6 0 0 9 0 0 2 4
 0 5 3 0 0 0 4 6 0
 0 0 8 9 0 3 5 0 0
 2 0 0 5 1 0 0 0 7

 5 3 9 2 8 6 7 4 1
 4 8 2 7 0 1 6 0 0
 0 7 1 0 0 0 2 5 0
 9 1 0 0 2 0 0 7 0
 3 0 0 1 4 5 0 0 6
 0 6 0 0 9 0 0 2 4
 0 5 3 0 0 0 4 6 0
 0 0 8 9 0 3 5 0 0
 2 0 0 5 1 0 0 0 7

 5 3 9 2 8 6 7 4 1
 4 8 2 7 5 1 6 0 0
 0 7 1 0 0 0 2 5 0
 9 1 0 0 2 0 0 7 0
 3 0 0 1 4 5 0 0 6
 0 6 0 0 9 0 0 2 4
 0 5 3 0 0 0 4 6 0
 0 0 8 9 0 3 5 0 0
 2 0 0 5 1 0 0 0 7

 5 3 9 2 8 6 7 4 1
 4 8 2 7 5 1 6 9 0
 0 7 1 0 0 0 2 5 0
 9 1 0 0 2 0 0 7 0
 3 0 0 1 4 5 0 0 6
 0 6 0 0 9 0 0 2 4
 0 5 3 0 0 0 4 6 0
 0 0 8 9 0 3 5 0 0
 2 0 0 5 1 0 0 0 7

 5 3 9 2 8 6 7 4 1
 4 8 2 7 5 1 6 9 3
 0 7 1 0 0 0 2 5 0
 9 1 0 0 2 0 0 7 0
 3 0 0 1 4 5 0 0 6
 0 6 0 0 9 0 0 2 4
 0 5 3 0 0 0 4 6 0
 0 0 8 9 0 3 5 0 0
 2 0 0 5 1 0 0 0 7

 5 3 9 2 8 6 7 4 1
 4 8 2 7 5 1 6 9 3
 6 7 1 0 0 0 2 5 0
 9 1 0 0 2 0 0 7 0
 3 0 0 1 4 5 0 0 6
 0 6 0 0 9 0 0 2 4
 0 5 3 0 0 0 4 6 0
 0 0 8 9 0 3 5 0 0
 2 0 0 5 1 0 0 0 7

 5 3 9 2 8 6 7 4 1
 4 8 2 7 5 1 6 9 3
 6 7 1 4 0 0 2 5 0
 9 1 0 0 2 0 0 7 0
 3 0 0 1 4 5 0 0 6
 0 6 0 0 9 0 0 2 4
 0 5 3 0 0 0 4 6 0
 0 0 8 9 0 3 5 0 0
 2 0 0 5 1 0 0 0 7

 5 3 9 2 8 6 7 4 1
 4 8 2 7 5 1 6 9 3
 6 7 1 4 3 0 2 5 0
 9 1 0 0 2 0 0 7 0
 3 0 0 1 4 5 0 0 6
 0 6 0 0 9 0 0 2 4
 0 5 3 0 0 0 4 6 0
 0 0 8 9 0 3 5 0 0
 2 0 0 5 1 0 0 0 7

 5 3 9 2 8 6 7 4 1
 4 8 2 7 5 1 6 9 3
 6 7 1 4 3 9 2 5 0
 9 1 0 0 2 0 0 7 0
 3 0 0 1 4 5 0 0 6
 0 6 0 0 9 0 0 2 4
 0 5 3 0 0 0 4 6 0
 0 0 8 9 0 3 5 0 0
 2 0 0 5 1 0 0 0 7

 5 3 9 2 8 6 7 4 1
 4 8 2 7 5 1 6 9 3
 6 7 1 4 3 9 2 5 8
 9 1 0 0 2 0 0 7 0
 3 0 0 1 4 5 0 0 6
 0 6 0 0 9 0 0 2 4
 0 5 3 0 0 0 4 6 0
 0 0 8 9 0 3 5 0 0
 2 0 0 5 1 0 0 0 7

 5 3 9 2 8 6 7 4 1
 4 8 2 7 5 1 6 9 3
 6 7 1 4 3 9 2 5 8
 9 1 4 0 2 0 0 7 0
 3 0 0 1 4 5 0 0 6
 0 6 0 0 9 0 0 2 4
 0 5 3 0 0 0 4 6 0
 0 0 8 9 0 3 5 0 0
 2 0 0 5 1 0 0 0 7

 5 3 9 2 8 6 7 4 1
 4 8 2 7 5 1 6 9 3
 6 7 1 4 3 9 2 5 8
 9 1 4 6 2 0 0 7 0
 3 0 0 1 4 5 0 0 6
 0 6 0 0 9 0 0 2 4
 0 5 3 0 0 0 4 6 0
 0 0 8 9 0 3 5 0 0
 2 0 0 5 1 0 0 0 7

 5 3 9 2 8 6 7 4 1
 4 8 2 7 5 1 6 9 3
 6 7 1 4 3 9 2 5 8
 9 1 4 6 2 8 0 7 0
 3 0 0 1 4 5 0 0 6
 0 6 0 0 9 0 0 2 4
 0 5 3 0 0 0 4 6 0
 0 0 8 9 0 3 5 0 0
 2 0 0 5 1 0 0 0 7

 5 3 9 2 8 6 7 4 1
 4 8 2 7 5 1 6 9 3
 6 7 1 4 3 9 2 5 8
 9 1 4 6 2 8 3 7 0
 3 0 0 1 4 5 0 0 6
 0 6 0 0 9 0 0 2 4
 0 5 3 0 0 0 4 6 0
 0 0 8 9 0 3 5 0 0
 2 0 0 5 1 0 0 0 7

 5 3 9 2 8 6 7 4 1
 4 8 2 7 5 1 6 9 3
 6 7 1 4 3 9 2 5 8
 9 1 4 6 2 8 3 7 5
 3 0 0 1 4 5 0 0 6
 0 6 0 0 9 0 0 2 4
 0 5 3 0 0 0 4 6 0
 0 0 8 9 0 3 5 0 0
 2 0 0 5 1 0 0 0 7

 5 3 9 2 8 6 7 4 1
 4 8 2 7 5 1 6 9 3
 6 7 1 4 3 9 2 5 8
 9 1 4 6 2 8 3 7 5
 3 2 0 1 4 5 0 0 6
 0 6 0 0 9 0 0 2 4
 0 5 3 0 0 0 4 6 0
 0 0 8 9 0 3 5 0 0
 2 0 0 5 1 0 0 0 7

 5 3 9 2 8 6 7 4 1
 4 8 2 7 5 1 6 9 3
 6 7 1 4 3 9 2 5 8
 9 1 4 6 2 8 3 7 5
 3 2 7 1 4 5 0 0 6
 0 6 0 0 9 0 0 2 4
 0 5 3 0 0 0 4 6 0
 0 0 8 9 0 3 5 0 0
 2 0 0 5 1 0 0 0 7

 5 3 9 2 8 6 7 4 1
 4 8 2 7 5 1 6 9 3
 6 7 1 4 3 9 2 5 8
 9 1 4 6 2 8 3 7 5
 3 2 7 1 4 5 9 0 6
 0 6 0 0 9 0 0 2 4
 0 5 3 0 0 0 4 6 0
 0 0 8 9 0 3 5 0 0
 2 0 0 5 1 0 0 0 7

 5 3 9 2 8 6 7 4 1
 4 8 2 7 5 1 6 9 3
 6 7 1 4 3 9 2 5 8
 9 1 4 6 2 8 3 7 5
 3 2 7 1 4 5 9 8 6
 0 6 0 0 9 0 0 2 4
 0 5 3 0 0 0 4 6 0
 0 0 8 9 0 3 5 0 0
 2 0 0 5 1 0 0 0 7

 5 3 9 2 8 6 7 4 1
 4 8 2 7 5 1 6 9 3
 6 7 1 4 3 9 2 5 8
 9 1 4 6 2 8 3 7 5
 3 2 7 1 4 5 9 8 6
 8 6 0 0 9 0 0 2 4
 0 5 3 0 0 0 4 6 0
 0 0 8 9 0 3 5 0 0
 2 0 0 5 1 0 0 0 7

 5 3 9 2 8 6 7 4 1
 4 8 2 7 5 1 6 9 3
 6 7 1 4 3 9 2 5 8
 9 1 4 6 2 8 3 7 5
 3 2 7 1 4 5 9 8 6
 8 6 5 0 9 0 0 2 4
 0 5 3 0 0 0 4 6 0
 0 0 8 9 0 3 5 0 0
 2 0 0 5 1 0 0 0 7

 5 3 9 2 8 6 7 4 1
 4 8 2 7 5 1 6 9 3
 6 7 1 4 3 9 2 5 8
 9 1 4 6 2 8 3 7 5
 3 2 7 1 4 5 9 8 6
 8 6 5 3 9 0 0 2 4
 0 5 3 0 0 0 4 6 0
 0 0 8 9 0 3 5 0 0
 2 0 0 5 1 0 0 0 7

 5 3 9 2 8 6 7 4 1
 4 8 2 7 5 1 6 9 3
 6 7 1 4 3 9 2 5 8
 9 1 4 6 2 8 3 7 5
 3 2 7 1 4 5 9 8 6
 8 6 5 3 9 7 0 2 4
 0 5 3 0 0 0 4 6 0
 0 0 8 9 0 3 5 0 0
 2 0 0 5 1 0 0 0 7

 5 3 9 2 8 6 7 4 1
 4 8 2 7 5 1 6 9 3
 6 7 1 4 3 9 2 5 8
 9 1 4 6 2 8 3 7 5
 3 2 7 1 4 5 9 8 6
 8 6 5 3 9 7 1 2 4
 0 5 3 0 0 0 4 6 0
 0 0 8 9 0 3 5 0 0
 2 0 0 5 1 0 0 0 7

 5 3 9 2 8 6 7 4 1
 4 8 2 7 5 1 6 9 3
 6 7 1 4 3 9 2 5 8
 9 1 4 6 2 8 3 7 5
 3 2 7 1 4 5 9 8 6
 8 6 5 3 9 7 1 2 4
 1 5 3 0 0 0 4 6 0
 0 0 8 9 0 3 5 0 0
 2 0 0 5 1 0 0 0 7

 5 3 9 2 8 6 7 4 1
 4 8 2 7 5 1 6 9 3
 6 7 1 4 3 9 2 5 8
 9 1 4 6 2 8 3 7 5
 3 2 7 1 4 5 9 8 6
 8 6 5 3 9 7 1 2 4
 1 5 3 8 0 0 4 6 0
 0 0 8 9 0 3 5 0 0
 2 0 0 5 1 0 0 0 7

 5 3 9 2 8 6 7 4 1
 4 8 2 7 5 1 6 9 3
 6 7 1 4 3 9 2 5 8
 9 1 4 6 2 8 3 7 5
 3 2 7 1 4 5 9 8 6
 8 6 5 3 9 7 1 2 4
 1 5 3 8 7 0 4 6 0
 0 0 8 9 0 3 5 0 0
 2 0 0 5 1 0 0 0 7

 5 3 9 2 8 6 7 4 1
 4 8 2 7 5 1 6 9 3
 6 7 1 4 3 9 2 5 8
 9 1 4 6 2 8 3 7 5
 3 2 7 1 4 5 9 8 6
 8 6 5 3 9 7 1 2 4
 1 5 3 8 7 2 4 6 0
 0 0 8 9 0 3 5 0 0
 2 0 0 5 1 0 0 0 7

 5 3 9 2 8 6 7 4 1
 4 8 2 7 5 1 6 9 3
 6 7 1 4 3 9 2 5 8
 9 1 4 6 2 8 3 7 5
 3 2 7 1 4 5 9 8 6
 8 6 5 3 9 7 1 2 4
 1 5 3 8 7 2 4 6 9
 0 0 8 9 0 3 5 0 0
 2 0 0 5 1 0 0 0 7

 5 3 9 2 8 6 7 4 1
 4 8 2 7 5 1 6 9 3
 6 7 1 4 3 9 2 5 8
 9 1 4 6 2 8 3 7 5
 3 2 7 1 4 5 9 8 6
 8 6 5 3 9 7 1 2 4
 1 5 3 8 7 2 4 6 9
 7 0 8 9 0 3 5 0 0
 2 0 0 5 1 0 0 0 7

 5 3 9 2 8 6 7 4 1
 4 8 2 7 5 1 6 9 3
 6 7 1 4 3 9 2 5 8
 9 1 4 6 2 8 3 7 5
 3 2 7 1 4 5 9 8 6
 8 6 5 3 9 7 1 2 4
 1 5 3 8 7 2 4 6 9
 7 4 8 9 0 3 5 0 0
 2 0 0 5 1 0 0 0 7

 5 3 9 2 8 6 7 4 1
 4 8 2 7 5 1 6 9 3
 6 7 1 4 3 9 2 5 8
 9 1 4 6 2 8 3 7 5
 3 2 7 1 4 5 9 8 6
 8 6 5 3 9 7 1 2 4
 1 5 3 8 7 2 4 6 9
 7 4 8 9 6 3 5 0 0
 2 0 0 5 1 0 0 0 7

 5 3 9 2 8 6 7 4 1
 4 8 2 7 5 1 6 9 3
 6 7 1 4 3 9 2 5 8
 9 1 4 6 2 8 3 7 5
 3 2 7 1 4 5 9 8 6
 8 6 5 3 9 7 1 2 4
 1 5 3 8 7 2 4 6 9
 7 4 8 9 6 3 5 1 0
 2 0 0 5 1 0 0 0 7

 5 3 9 2 8 6 7 4 1
 4 8 2 7 5 1 6 9 3
 6 7 1 4 3 9 2 5 8
 9 1 4 6 2 8 3 7 5
 3 2 7 1 4 5 9 8 6
 8 6 5 3 9 7 1 2 4
 1 5 3 8 7 2 4 6 9
 7 4 8 9 6 3 5 1 2
 2 0 0 5 1 0 0 0 7

 5 3 9 2 8 6 7 4 1
 4 8 2 7 5 1 6 9 3
 6 7 1 4 3 9 2 5 8
 9 1 4 6 2 8 3 7 5
 3 2 7 1 4 5 9 8 6
 8 6 5 3 9 7 1 2 4
 1 5 3 8 7 2 4 6 9
 7 4 8 9 6 3 5 1 2
 2 9 0 5 1 0 0 0 7

 5 3 9 2 8 6 7 4 1
 4 8 2 7 5 1 6 9 3
 6 7 1 4 3 9 2 5 8
 9 1 4 6 2 8 3 7 5
 3 2 7 1 4 5 9 8 6
 8 6 5 3 9 7 1 2 4
 1 5 3 8 7 2 4 6 9
 7 4 8 9 6 3 5 1 2
 2 9 6 5 1 0 0 0 7

 5 3 9 2 8 6 7 4 1
 4 8 2 7 5 1 6 9 3
 6 7 1 4 3 9 2 5 8
 9 1 4 6 2 8 3 7 5
 3 2 7 1 4 5 9 8 6
 8 6 5 3 9 7 1 2 4
 1 5 3 8 7 2 4 6 9
 7 4 8 9 6 3 5 1 2
 2 9 6 5 1 4 0 0 7

 5 3 9 2 8 6 7 4 1
 4 8 2 7 5 1 6 9 3
 6 7 1 4 3 9 2 5 8
 9 1 4 6 2 8 3 7 5
 3 2 7 1 4 5 9 8 6
 8 6 5 3 9 7 1 2 4
 1 5 3 8 7 2 4 6 9
 7 4 8 9 6 3 5 1 2
 2 9 6 5 1 4 8 0 7

 5 3 9 2 8 6 7 4 1
 4 8 2 7 5 1 6 9 3
 6 7 1 4 3 9 2 5 8
 9 1 4 6 2 8 3 7 5
 3 2 7 1 4 5 9 8 6
 8 6 5 3 9 7 1 2 4
 1 5 3 8 7 2 4 6 9
 7 4 8 9 6 3 5 1 2
 2 9 6 5 1 4 8 3 7

 2 0 9 0 0 5 0 0 0
 0 0 0 4 3 0 1 0 0
 5 4 0 0 0 9 2 0 0
 0 3 0 0 2 0 9 0 0
 6 0 0 0 0 0 0 0 4
 0 0 5 0 6 0 0 2 0
 0 0 2 3 0 0 0 6 9
 0 0 7 0 5 8 0 0 0
 0 0 0 1 0 0 8 0 0

 5 3 0 0 8 6 0 0 1
 0 0 2 7 0 1 6 0 0
 0 7 1 0 0 0 2 5 0
 9 1 0 0 2 0 0 7 0
 3 0 0 1 4 5 0 0 6
 0 6 0 0 9 0 0 2 4
 0 5 3 0 0 0 4 6 0
 0 0 8 9 0 3 5 0 0
 2 0 0 5 1 0 0 0 7

 5 3 9 0 8 6 0 0 1
 0 0 2 7 0 1 6 0 0
 0 7 1 0 0 0 2 5 0
 9 1 0 0 2 0 0 7 0
 3 0 0 1 4 5 0 0 6
 0 6 0 0 9 0 0 2 4
 0 5 3 0 0 0 4 6 0
 0 0 8 9 0 3 5 0 0
 2 0 0 5 1 0 0 0 7

 5 3 9 2 8 6 0 0 1
 0 0 2 7 0 1 6 0 0
 0 7 1 0 0 0 2 5 0
 9 1 0 0 2 0 0 7 0
 3 0 0 1 4 5 0 0 6
 0 6 0 0 9 0 0 2 4
 0 5 3 0 0 0 4 6 0
 0 0 8 9 0 3 5 0 0
 2 0 0 5 1 0 0 0 7

 5 3 9 2 8 6 7 0 1
 0 0 2 7 0 1 6 0 0
 0 7 1 0 0 0 2 5 0
 9 1 0 0 2 0 0 7 0
 3 0 0 1 4 5 0 0 6
 0 6 0 0 9 0 0 2 4
 0 5 3 0 0 0 4 6 0
 0 0 8 9 0 3 5 0 0
 2 0 0 5 1 0 0 0 7

 5 3 9 2 8 6 7 4 1
 0 0 2 7 0 1 6 0 0
 0 7 1 0 0 0 2 5 0
 9 1 0 0 2 0 0 7 0
 3 0 0 1 4 5 0 0 6
 0 6 0 0 9 0 0 2 4
 0 5 3 0 0 0 4 6 0
 0 0 8 9 0 3 5 0 0
 2 0 0 5 1 0 0 0 7

 5 0 0 0 8 6 0 0 1
 0 0 2 7 0 1 6 0 0
 0 7 1 0 0 0 2 5 0
 9 1 0 0 2 0 0 7 0
 3 0 0 1 4 5 1 0 6
 0 6 0 0 9 0 0 2 4
 0 5 3 0 0 0 4 6 0
 0 0 8 9 0 3 5 0 0
 2 0 0 5 1 0 0 0 7

Kein Solution!
Kein Solution!
Incorrect Range. Pls try again between 1-9!
 5 0 9 0 0 5 0 0 0
 0 0 0 4 3 0 1 0 0
 5 4 0 0 0 9 2 0 0
 0 3 0 0 2 0 9 0 0
 6 0 0 0 0 0 0 0 4
 0 0 5 0 6 0 0 2 0
 0 0 2 3 0 0 0 6 9
 0 0 7 0 5 8 0 0 0
 0 0 0 1 0 0 8 0 0

Undo Move at Position (0/0)
 0 0 9 0 0 5 0 0 0
 0 0 0 4 3 0 1 0 0
 5 4 0 0 0 9 2 0 0
 0 3 0 0 2 0 9 0 0
 6 0 0 0 0 0 0 0 4
 0 0 5 0 6 0 0 2 0
 0 0 2 3 0 0 0 6 9
 0 0 7 0 5 8 0 0 0
 0 0 0 1 0 0 8 0 0

 0 0 9 8 0 5 0 0 0
 0 0 0 4 3 0 1 0 0
 5 4 0 0 0 9 2 0 0
 0 3 0 0 2 0 9 0 0
 6 0 0 0 0 0 0 0 4
 0 0 5 0 6 0 0 2 0
 0 0 2 3 0 0 0 6 9
 0 0 7 0 5 8 0 0 0
 0 0 0 1 0 0 8 0 0

 0 0 9 8 7 5 0 0 0
 0 0 0 4 3 0 1 0 0
 5 4 0 0 0 9 2 0 0
 0 3 0 0 2 0 9 0 0
 6 0 0 0 0 0 0 0 4
 0 0 5 0 6 0 0 2 0
 0 0 2 3 0 0 0 6 9
 0 0 7 0 5 8 0 0 0
 0 0 0 1 0 0 8 0 0

 0 0 9 8 7 5 0 0 0
 0 0 0 4 3 2 1 0 0
 5 4 0 0 0 9 2 0 0
 0 3 0 0 2 0 9 0 0
 6 0 0 0 0 0 0 0 4
 0 0 5 0 6 0 0 2 0
 0 0 2 3 0 0 0 6 9
 0 0 7 0 5 8 0 0 0
 0 0 0 1 0 0 8 0 0

 0 0 9 8 7 5 0 0 0
 0 0 0 4 3 2 1 0 0
 5 4 0 6 0 9 2 0 0
 0 3 0 0 2 0 9 0 0
 6 0 0 0 0 0 0 0 4
 0 0 5 0 6 0 0 2 0
 0 0 2 3 0 0 0 6 9
 0 0 7 0 5 8 0 0 0
 0 0 0 1 0 0 8 0 0

 0 0 9 8 7 5 0 0 0
 0 0 0 4 3 2 1 0 0
 5 4 0 6 1 9 2 0 0
 0 3 0 0 2 0 9 0 0
 6 0 0 0 0 0 0 0 4
 0 0 5 0 6 0 0 2 0
 0 0 2 3 0 0 0 6 9
 0 0 7 0 5 8 0 0 0
 0 0 0 1 0 0 8 0 0

]]></system-out>
  <system-err><![CDATA[]]></system-err>
</testsuite>
